2025-10-12 01:47:22,637 INFO: Restaurant POS application startup [in C:\Users\Edgar\Desktop\pos\restaurantPOS - Copy (39) - Copy\app\__init__.py:340]
2025-10-12 01:47:22,658 INFO: Log level set to: INFO [in C:\Users\Edgar\Desktop\pos\restaurantPOS - Copy (39) - Copy\app\__init__.py:341]
2025-10-12 01:47:22,658 INFO: Debug mode: False [in C:\Users\Edgar\Desktop\pos\restaurantPOS - Copy (39) - Copy\app\__init__.py:342]
2025-10-12 01:47:22,658 INFO: Database initialization attempt 1/3 [in C:\Users\Edgar\Desktop\pos\restaurantPOS - Copy (39) - Copy\app\__init__.py:230]
2025-10-12 01:47:22,683 INFO: Database connection successful [in C:\Users\Edgar\Desktop\pos\restaurantPOS - Copy (39) - Copy\app\__init__.py:235]
2025-10-12 01:47:22,737 INFO: Found 20 existing tables: ['admin_pin_codes', 'app_settings', 'audit_logs', 'branches', 'cashier_sessions', 'cashier_ui_preferences', 'cashier_ui_settings', 'categories', 'customers', 'delivery_companies', 'inventory_items', 'menu_items', 'notifications', 'order_counters', 'order_items', 'orders', 'payments', 'tables', 'user_branch_assignments', 'users'] [in C:\Users\Edgar\Desktop\pos\restaurantPOS - Copy (39) - Copy\app\__init__.py:240]
2025-10-12 01:47:23,036 INFO: Found 5 branches and 18 users [in C:\Users\Edgar\Desktop\pos\restaurantPOS - Copy (39) - Copy\app\__init__.py:265]
2025-10-12 01:47:23,153 INFO: Database already initialized with data (branches: 5, users: 18) [in C:\Users\Edgar\Desktop\pos\restaurantPOS - Copy (39) - Copy\app\__init__.py:274]
2025-10-12 16:23:55,889 INFO: Restaurant POS application startup [in C:\Users\Edgar\Desktop\pos\restaurantPOS - Copy (39) - Copy\app\__init__.py:340]
2025-10-12 16:23:55,889 INFO: Log level set to: INFO [in C:\Users\Edgar\Desktop\pos\restaurantPOS - Copy (39) - Copy\app\__init__.py:341]
2025-10-12 16:23:55,896 INFO: Debug mode: False [in C:\Users\Edgar\Desktop\pos\restaurantPOS - Copy (39) - Copy\app\__init__.py:342]
2025-10-12 16:23:55,897 INFO: Database initialization attempt 1/3 [in C:\Users\Edgar\Desktop\pos\restaurantPOS - Copy (39) - Copy\app\__init__.py:230]
2025-10-12 16:23:55,897 INFO: Database connection successful [in C:\Users\Edgar\Desktop\pos\restaurantPOS - Copy (39) - Copy\app\__init__.py:235]
2025-10-12 16:23:55,903 INFO: Found 21 existing tables: ['admin_pin_codes', 'app_settings', 'audit_logs', 'branches', 'cashier_sessions', 'cashier_ui_preferences', 'cashier_ui_settings', 'categories', 'customers', 'delivery_companies', 'inventory_items', 'menu_items', 'notifications', 'order_counters', 'order_items', 'orders', 'payments', 'tables', 'user_branch_assignments', 'users', 'waiter_cashier_assignments'] [in C:\Users\Edgar\Desktop\pos\restaurantPOS - Copy (39) - Copy\app\__init__.py:240]
2025-10-12 16:23:56,021 INFO: Found 5 branches and 18 users [in C:\Users\Edgar\Desktop\pos\restaurantPOS - Copy (39) - Copy\app\__init__.py:265]
2025-10-12 16:23:56,022 INFO: Database already initialized with data (branches: 5, users: 18) [in C:\Users\Edgar\Desktop\pos\restaurantPOS - Copy (39) - Copy\app\__init__.py:274]
2025-10-12 16:26:48,992 INFO: Restaurant POS application startup [in C:\Users\Edgar\Desktop\pos\restaurantPOS - Copy (39) - Copy\app\__init__.py:340]
2025-10-12 16:26:48,992 INFO: Log level set to: INFO [in C:\Users\Edgar\Desktop\pos\restaurantPOS - Copy (39) - Copy\app\__init__.py:341]
2025-10-12 16:26:48,998 INFO: Debug mode: False [in C:\Users\Edgar\Desktop\pos\restaurantPOS - Copy (39) - Copy\app\__init__.py:342]
2025-10-12 16:26:48,998 INFO: Database initialization attempt 1/3 [in C:\Users\Edgar\Desktop\pos\restaurantPOS - Copy (39) - Copy\app\__init__.py:230]
2025-10-12 16:26:49,002 INFO: Database connection successful [in C:\Users\Edgar\Desktop\pos\restaurantPOS - Copy (39) - Copy\app\__init__.py:235]
2025-10-12 16:26:49,004 INFO: Found 21 existing tables: ['admin_pin_codes', 'app_settings', 'audit_logs', 'branches', 'cashier_sessions', 'cashier_ui_preferences', 'cashier_ui_settings', 'categories', 'customers', 'delivery_companies', 'inventory_items', 'menu_items', 'notifications', 'order_counters', 'order_items', 'orders', 'payments', 'tables', 'user_branch_assignments', 'users', 'waiter_cashier_assignments'] [in C:\Users\Edgar\Desktop\pos\restaurantPOS - Copy (39) - Copy\app\__init__.py:240]
2025-10-12 16:26:49,161 INFO: Found 5 branches and 18 users [in C:\Users\Edgar\Desktop\pos\restaurantPOS - Copy (39) - Copy\app\__init__.py:265]
2025-10-12 16:26:49,161 INFO: Database already initialized with data (branches: 5, users: 18) [in C:\Users\Edgar\Desktop\pos\restaurantPOS - Copy (39) - Copy\app\__init__.py:274]
2025-10-12 16:48:45,132 INFO: Restaurant POS application startup [in C:\Users\Edgar\Desktop\pos\restaurantPOS - Copy (39) - Copy\app\__init__.py:340]
2025-10-12 16:48:45,132 INFO: Log level set to: INFO [in C:\Users\Edgar\Desktop\pos\restaurantPOS - Copy (39) - Copy\app\__init__.py:341]
2025-10-12 16:48:45,134 INFO: Debug mode: False [in C:\Users\Edgar\Desktop\pos\restaurantPOS - Copy (39) - Copy\app\__init__.py:342]
2025-10-12 16:48:45,135 INFO: Database initialization attempt 1/3 [in C:\Users\Edgar\Desktop\pos\restaurantPOS - Copy (39) - Copy\app\__init__.py:230]
2025-10-12 16:48:45,136 INFO: Database connection successful [in C:\Users\Edgar\Desktop\pos\restaurantPOS - Copy (39) - Copy\app\__init__.py:235]
2025-10-12 16:48:45,141 INFO: Found 22 existing tables: ['admin_pin_codes', 'app_settings', 'audit_logs', 'branches', 'cashier_sessions', 'cashier_ui_preferences', 'cashier_ui_settings', 'categories', 'customers', 'delivery_companies', 'inventory_items', 'menu_items', 'notifications', 'order_counters', 'order_edit_history', 'order_items', 'orders', 'payments', 'tables', 'user_branch_assignments', 'users', 'waiter_cashier_assignments'] [in C:\Users\Edgar\Desktop\pos\restaurantPOS - Copy (39) - Copy\app\__init__.py:240]
2025-10-12 16:48:45,301 INFO: Found 5 branches and 18 users [in C:\Users\Edgar\Desktop\pos\restaurantPOS - Copy (39) - Copy\app\__init__.py:265]
2025-10-12 16:48:45,305 INFO: Database already initialized with data (branches: 5, users: 18) [in C:\Users\Edgar\Desktop\pos\restaurantPOS - Copy (39) - Copy\app\__init__.py:274]
2025-10-12 16:52:27,509 INFO: Restaurant POS application startup [in C:\Users\Edgar\Desktop\pos\restaurantPOS - Copy (39) - Copy\app\__init__.py:340]
2025-10-12 16:52:27,515 INFO: Log level set to: INFO [in C:\Users\Edgar\Desktop\pos\restaurantPOS - Copy (39) - Copy\app\__init__.py:341]
2025-10-12 16:52:27,518 INFO: Debug mode: False [in C:\Users\Edgar\Desktop\pos\restaurantPOS - Copy (39) - Copy\app\__init__.py:342]
2025-10-12 16:52:27,518 INFO: Database initialization attempt 1/3 [in C:\Users\Edgar\Desktop\pos\restaurantPOS - Copy (39) - Copy\app\__init__.py:230]
2025-10-12 16:52:27,523 INFO: Database connection successful [in C:\Users\Edgar\Desktop\pos\restaurantPOS - Copy (39) - Copy\app\__init__.py:235]
2025-10-12 16:52:27,525 INFO: Found 22 existing tables: ['admin_pin_codes', 'app_settings', 'audit_logs', 'branches', 'cashier_sessions', 'cashier_ui_preferences', 'cashier_ui_settings', 'categories', 'customers', 'delivery_companies', 'inventory_items', 'menu_items', 'notifications', 'order_counters', 'order_edit_history', 'order_items', 'orders', 'payments', 'tables', 'user_branch_assignments', 'users', 'waiter_cashier_assignments'] [in C:\Users\Edgar\Desktop\pos\restaurantPOS - Copy (39) - Copy\app\__init__.py:240]
2025-10-12 16:52:27,646 INFO: Found 5 branches and 18 users [in C:\Users\Edgar\Desktop\pos\restaurantPOS - Copy (39) - Copy\app\__init__.py:265]
2025-10-12 16:52:27,647 INFO: Database already initialized with data (branches: 5, users: 18) [in C:\Users\Edgar\Desktop\pos\restaurantPOS - Copy (39) - Copy\app\__init__.py:274]
2025-10-12 17:13:56,169 INFO: Restaurant POS application startup [in C:\Users\Edgar\Desktop\pos\restaurantPOS - Copy (39) - Copy\app\__init__.py:340]
2025-10-12 17:13:56,169 INFO: Log level set to: INFO [in C:\Users\Edgar\Desktop\pos\restaurantPOS - Copy (39) - Copy\app\__init__.py:341]
2025-10-12 17:13:56,169 INFO: Debug mode: False [in C:\Users\Edgar\Desktop\pos\restaurantPOS - Copy (39) - Copy\app\__init__.py:342]
2025-10-12 17:13:56,169 INFO: Database initialization attempt 1/3 [in C:\Users\Edgar\Desktop\pos\restaurantPOS - Copy (39) - Copy\app\__init__.py:230]
2025-10-12 17:13:56,176 INFO: Database connection successful [in C:\Users\Edgar\Desktop\pos\restaurantPOS - Copy (39) - Copy\app\__init__.py:235]
2025-10-12 17:13:56,179 INFO: Found 22 existing tables: ['admin_pin_codes', 'app_settings', 'audit_logs', 'branches', 'cashier_sessions', 'cashier_ui_preferences', 'cashier_ui_settings', 'categories', 'customers', 'delivery_companies', 'inventory_items', 'menu_items', 'notifications', 'order_counters', 'order_edit_history', 'order_items', 'orders', 'payments', 'tables', 'user_branch_assignments', 'users', 'waiter_cashier_assignments'] [in C:\Users\Edgar\Desktop\pos\restaurantPOS - Copy (39) - Copy\app\__init__.py:240]
2025-10-12 17:13:56,289 INFO: Found 5 branches and 18 users [in C:\Users\Edgar\Desktop\pos\restaurantPOS - Copy (39) - Copy\app\__init__.py:265]
2025-10-12 17:13:56,294 INFO: Database already initialized with data (branches: 5, users: 18) [in C:\Users\Edgar\Desktop\pos\restaurantPOS - Copy (39) - Copy\app\__init__.py:274]
2025-10-12 17:23:19,425 INFO: Restaurant POS application startup [in C:\Users\Edgar\Desktop\pos\restaurantPOS - Copy (39) - Copy\app\__init__.py:340]
2025-10-12 17:23:19,428 INFO: Log level set to: INFO [in C:\Users\Edgar\Desktop\pos\restaurantPOS - Copy (39) - Copy\app\__init__.py:341]
2025-10-12 17:23:19,428 INFO: Debug mode: False [in C:\Users\Edgar\Desktop\pos\restaurantPOS - Copy (39) - Copy\app\__init__.py:342]
2025-10-12 17:23:19,428 INFO: Database initialization attempt 1/3 [in C:\Users\Edgar\Desktop\pos\restaurantPOS - Copy (39) - Copy\app\__init__.py:230]
2025-10-12 17:23:19,431 INFO: Database connection successful [in C:\Users\Edgar\Desktop\pos\restaurantPOS - Copy (39) - Copy\app\__init__.py:235]
2025-10-12 17:23:19,435 INFO: Found 23 existing tables: ['admin_pin_codes', 'app_settings', 'audit_logs', 'branches', 'cashier_pins', 'cashier_sessions', 'cashier_ui_preferences', 'cashier_ui_settings', 'categories', 'customers', 'delivery_companies', 'inventory_items', 'menu_items', 'notifications', 'order_counters', 'order_edit_history', 'order_items', 'orders', 'payments', 'tables', 'user_branch_assignments', 'users', 'waiter_cashier_assignments'] [in C:\Users\Edgar\Desktop\pos\restaurantPOS - Copy (39) - Copy\app\__init__.py:240]
2025-10-12 17:23:19,565 INFO: Found 5 branches and 18 users [in C:\Users\Edgar\Desktop\pos\restaurantPOS - Copy (39) - Copy\app\__init__.py:265]
2025-10-12 17:23:19,566 INFO: Database already initialized with data (branches: 5, users: 18) [in C:\Users\Edgar\Desktop\pos\restaurantPOS - Copy (39) - Copy\app\__init__.py:274]
2025-10-12 17:30:15,467 INFO: Restaurant POS application startup [in C:\Users\Edgar\Desktop\pos\restaurantPOS - Copy (39) - Copy\app\__init__.py:340]
2025-10-12 17:30:15,468 INFO: Log level set to: INFO [in C:\Users\Edgar\Desktop\pos\restaurantPOS - Copy (39) - Copy\app\__init__.py:341]
2025-10-12 17:30:15,470 INFO: Debug mode: False [in C:\Users\Edgar\Desktop\pos\restaurantPOS - Copy (39) - Copy\app\__init__.py:342]
2025-10-12 17:30:15,472 INFO: Database initialization attempt 1/3 [in C:\Users\Edgar\Desktop\pos\restaurantPOS - Copy (39) - Copy\app\__init__.py:230]
2025-10-12 17:30:15,476 INFO: Database connection successful [in C:\Users\Edgar\Desktop\pos\restaurantPOS - Copy (39) - Copy\app\__init__.py:235]
2025-10-12 17:30:15,479 INFO: Found 24 existing tables: ['admin_pin_codes', 'admin_pin_codes_backup', 'app_settings', 'audit_logs', 'branches', 'cashier_pins', 'cashier_sessions', 'cashier_ui_preferences', 'cashier_ui_settings', 'categories', 'customers', 'delivery_companies', 'inventory_items', 'menu_items', 'notifications', 'order_counters', 'order_edit_history', 'order_items', 'orders', 'payments', 'tables', 'user_branch_assignments', 'users', 'waiter_cashier_assignments'] [in C:\Users\Edgar\Desktop\pos\restaurantPOS - Copy (39) - Copy\app\__init__.py:240]
2025-10-12 17:30:15,640 INFO: Found 5 branches and 18 users [in C:\Users\Edgar\Desktop\pos\restaurantPOS - Copy (39) - Copy\app\__init__.py:265]
2025-10-12 17:30:15,641 INFO: Database already initialized with data (branches: 5, users: 18) [in C:\Users\Edgar\Desktop\pos\restaurantPOS - Copy (39) - Copy\app\__init__.py:274]
